INFO-PC---------------------------
Sat Jun  8 12:58:49 -03 2019
CPU op-mode(s):      32-bit, 64-bit
CPU(s):              4
On-line CPU(s) list: 0-3
CPU family:          6
Model name:          Intel(R) Core(TM) i3-7100U CPU @ 2.40GHz
CPU MHz:             990.219
CPU max MHz:         2400,0000
CPU min MHz:         400,0000
NUMA node0 CPU(s):   0-3
INFO-PC---------------------------
Sat Jun  8 12:59:14 -03 2019
CPU op-mode(s):      32-bit, 64-bit
CPU(s):              4
On-line CPU(s) list: 0-3
CPU family:          6
Model name:          Intel(R) Core(TM) i3-7100U CPU @ 2.40GHz
CPU MHz:             600.002
CPU max MHz:         2400,0000
CPU min MHz:         400,0000
NUMA node0 CPU(s):   0-3
INFO-PC---------------------------
Sat Jun  8 12:59:32 -03 2019
CPU op-mode(s):      32-bit, 64-bit
CPU(s):              4
On-line CPU(s) list: 0-3
CPU family:          6
Model name:          Intel(R) Core(TM) i3-7100U CPU @ 2.40GHz
CPU MHz:             611.945
CPU max MHz:         2400,0000
CPU min MHz:         400,0000
NUMA node0 CPU(s):   0-3
INFO-PC---------------------------
Sat Jun  8 13:01:21 -03 2019
CPU op-mode(s):      32-bit, 64-bit
CPU(s):              4
On-line CPU(s) list: 0-3
CPU family:          6
Model name:          Intel(R) Core(TM) i3-7100U CPU @ 2.40GHz
CPU MHz:             1715.481
CPU max MHz:         2400,0000
CPU min MHz:         400,0000
NUMA node0 CPU(s):   0-3
INFO-PC---------------------------
Sat Jun  8 13:01:36 -03 2019
CPU op-mode(s):      32-bit, 64-bit
CPU(s):              4
On-line CPU(s) list: 0-3
CPU family:          6
Model name:          Intel(R) Core(TM) i3-7100U CPU @ 2.40GHz
CPU MHz:             2287.065
CPU max MHz:         2400,0000
CPU min MHz:         400,0000
NUMA node0 CPU(s):   0-3
INFO-PC---------------------------
Sat Jun  8 13:01:48 -03 2019
CPU op-mode(s):      32-bit, 64-bit
CPU(s):              4
On-line CPU(s) list: 0-3
CPU family:          6
Model name:          Intel(R) Core(TM) i3-7100U CPU @ 2.40GHz
CPU MHz:             2009.845
CPU max MHz:         2400,0000
CPU min MHz:         400,0000
NUMA node0 CPU(s):   0-3
INFO-PC---------------------------
Sat Jun  8 13:02:20 -03 2019
CPU op-mode(s):      32-bit, 64-bit
CPU(s):              4
On-line CPU(s) list: 0-3
CPU family:          6
Model name:          Intel(R) Core(TM) i3-7100U CPU @ 2.40GHz
CPU MHz:             641.916
CPU max MHz:         2400,0000
CPU min MHz:         400,0000
NUMA node0 CPU(s):   0-3
