11 [140403185775808] INFO perfrun.launcher <> - Launcher main begin
13 [140403185775808] INFO perfrun.launcher <> - MessageCatalogInit finished
13 [140403185775808] INFO perfrun.launcher <> - Launcher instance created
13 [140403185775808] INFO perfrun.launcher <> - argc = 7; cmdline = /opt/intel/vtune_amplifier_2019.4.0.597835/bin64/amplxe-runss --ui-output-format xml --ui-output-fd 69 --option-file /home/vinicius/Documents/Trabalhos/paralela/knapsack/vtuner/r006tr/config/runsa.options 
22 [140403185775808] INFO perfrun.launcher <> - plugin remoteplug has been added successfully
22 [140403185775808] INFO perfrun.launcher <> - plugin system has been added successfully
22 [140403185775808] INFO perfrun.launcher <> - plugin itt has been added successfully
22 [140403185775808] INFO perfrun.launcher <> - plugin ptracecollector has been added successfully
22 [140403185775808] INFO perfrun.launcher <> - plugin gpu has been added successfully
22 [140403185775808] INFO perfrun.launcher <> - plugin  has been added successfully
22 [140403185775808] INFO perfrun.launcher <> - plugin  has been added successfully
22 [140403185775808] INFO perfrun.launcher <> - plugin  has been added successfully
22 [140403185775808] INFO perfrun.launcher <> - plugin mrte has been added successfully
22 [140403185775808] INFO perfrun.launcher <> - plugin emon has been added successfully
22 [140403185775808] INFO perfrun.launcher <> - plugin cuscol has been added successfully
22 [140403185775808] INFO perfrun.launcher <> - plugin stdsrc has been added successfully
23 [140403185775808] INFO perfrun.launcher <> - plugin sep has been added successfully
23 [140403185775808] INFO perfrun.launcher <> - plugin vtsspp has been added successfully
23 [140403185775808] INFO perfrun.sdk <> - Reading value (3) from file: /proc/sys/kernel/perf_event_paranoid
23 [140403185775808] INFO perfrun.launcher <> - plugin perf has been added successfully
23 [140403185775808] INFO perfrun.launcher <> - plugin tpss has been added successfully
23 [140403185775808] INFO perfrun.launcher <> - plugin exprof has been added successfully
23 [140403185775808] INFO perfrun.launcher <> - plugin media has been added successfully
23 [140403185775808] INFO perfrun.launcher <> - plugin ice has been added successfully
23 [140403185775808] INFO perfrun.launcher <> - plugin  has been added successfully
23 [140403185775808] INFO perfrun.launcher <> - plugin  has been added successfully
23 [140403185775808] INFO perfrun.launcher <> - plugin parallelfs has been added successfully
23 [140403185775808] INFO perfrun.launcher <> - plugin power has been added successfully
24 [140403185775808] INFO perfrun.launcher <> - the option was added --interval: Specify an interval of data collection (for example, sampling) in milliseconds.
24 [140403185775808] INFO perfrun.launcher <> - the option was added --follow-child: Profile process with or without children.
24 [140403185775808] INFO perfrun.launcher <> - the option was added --gelding: BADMSG: perfrun1.launcher.plugin_manager::gelding
24 [140403185775808] INFO perfrun.launcher <> - the option was added --time-source: Specify time source for measurement. Possible values: sys - wall clock time; tsc - time stamp counter; ext - time from an external source; auto - auto select accurate time source.
24 [140403185775808] INFO perfrun.launcher <> - the option was added --stack: Enable or disable collection of stacks.
24 [140403185775808] INFO perfrun.launcher <> - the option was added --stack-stitching: Enable or disable the stack stitching algorithm for Intel TBB-based applications.
24 [140403185775808] INFO perfrun.launcher <> - the option was added --type: Specify type of data to be collected. For example, --type cpu:counters,waiting:nostack,io.
24 [140403185775808] INFO perfrun.launcher <> - the option was added --mrte-mode: Specify Java/.NET/other managed runtime collection mode. Possible values: native - collect information only for native code; managed - collect information only for managed code; mixed - collect information for both managed and native code; auto - choose the mode based on binary type.
24 [140403185775808] INFO perfrun.launcher <> - the option was added --mrte-mode-list: List supported Java/.NET/other managed runtime collection modes.
24 [140403185775808] INFO perfrun.launcher <> - the option was added --mrte-type: Specify which managed runtimes to collect. Possible values: java - collect information for Java; dotnet - collect information for .NET; python - collect information for CPython. You can specify several values separated by comma.
24 [140403185775808] INFO perfrun.launcher <> - the option was added --mrte-type-list: List supported Java/.NET/other managed runtime types.
24 [140403185775808] INFO perfrun.launcher <> - the option was added --trace-strategy: Specify how to profile a process tree. <string> can be "<process>:trace:notrace" - profile the process but do not profile its children. Shorthand parameters: t - trace, nt - notrace. For example, "vtunedemo.exe:t:t".
24 [140403185775808] INFO perfrun.launcher <> - the option was added --collector: BADMSG: perfrun1.launcher.plugin_manager::collector
24 [140403185775808] INFO perfrun.launcher <> - the option was added --system-wide: Enable system-wide profiling. This mode may require additional permissions.
24 [140403185775808] INFO perfrun.launcher <> - the option was added --kvm-guest: Enable KVM guest OS profiling.
24 [140403185775808] INFO perfrun.launcher <> - the option was added --kvm-guest-kallsyms: Specify a local path to the /proc/kallsyms file copied from the guest OS for proper symbol resolution.
24 [140403185775808] INFO perfrun.launcher <> - the option was added --kvm-guest-modules: Specify a local path to the /proc/modules file copied from the guest OS for proper symbol resolution.
24 [140403185775808] INFO perfrun.launcher <> - the option was added --dump-vdso: Dump [vdso] to result directory
24 [140403185775808] INFO perfrun.launcher <> - the option was added --bandwidth-limits: Measure bandwidth limits
24 [140403185775808] INFO perfrun.launcher <> - the option was added --acrn-map-info: Collect map info for ACRN
24 [140403185775808] INFO perfrun.launcher <> - the option was added --bandwidth-strategy: Bandwidth limits determination specific properties (example: --bandwidth-strategy array-size=0,duration=500).
24 [140403185775808] INFO perfrun.launcher <> - the option was added --bandwidth-config: List of benchmarks to run.
24 [140403185775808] INFO perfrun.launcher <> - the option was added --system-collector-config: Specify subcollectors. Possible values: all, vdso, container, device-info, none.
24 [140403185775808] INFO perfrun.launcher <> - the option was added --itt-config: Specify a sub-set of ITT API to collect.
24 [140403185775808] INFO perfrun.launcher <> - the option was added --itt-debug: Set pseudo-breakpoint at ITT API collector's start to enable the debugger to attach early.
24 [140403185775808] INFO perfrun.launcher <> - the option was added --ptrace: Ptrace collector.
25 [140403185775808] INFO perfrun.launcher <> - the option was added --target-pid: BADMSG: perfrun1.ptracecollector::target-pid
25 [140403185775808] INFO perfrun.launcher <> - the option was added --ptrace-server-pid: BADMSG: perfrun1.ptracecollector::ptrace-server-pid
25 [140403185775808] INFO perfrun.launcher <> - the option was added --ptrace-trace: BADMSG: perfrun1.ptracecollector::ptrace-trace
25 [140403185775808] INFO perfrun.launcher <> - the option was added --ptrace-time-source: BADMSG: perfrun1.ptracecollector::ptrace-time-source
25 [140403185775808] INFO perfrun.launcher <> - the option was added --ptrace-start-type: BADMSG: perfrun1.ptracecollector::ptrace-start-type
25 [140403185775808] INFO perfrun.launcher <> - the option was added --gpu-config: Specify types of GPU data to be collected. Possible values: preset1, preset2.
25 [140403185775808] INFO perfrun.launcher <> - the option was added --gpu-debug: Enable self-testing of the GPGPU profiling collector.
25 [140403185775808] INFO perfrun.launcher <> - the option was added --custom-collector: Allows to provide arbitrary command line to be run on collection steps.
25 [140403185775808] INFO perfrun.launcher <> - the option was added --stdsrc-config: Specify Standard Sources category tag(s).
25 [140403185775808] INFO perfrun.launcher <> - the option was added --ftrace-config-list: List Linux Ftrace category tag(s).
25 [140403185775808] INFO perfrun.launcher <> - the option was added --ftrace-config: Specify Linux Ftrace category tag(s).
25 [140403185775808] INFO perfrun.launcher <> - the option was added --ftrace-function-groups: Enable tracing of specific groups of functions.
25 [140403185775808] INFO perfrun.launcher <> - the option was added --event-info: BADMSG: perfrun1.stdsrc::event-info
25 [140403185775808] INFO perfrun.launcher <> - the option was added --cpu-list: List supported CPUs.
25 [140403185775808] INFO perfrun.launcher <> - the option was added --target-list: List available targets for performing sampling collection.
25 [140403185775808] INFO perfrun.launcher <> - the option was added --event-value-list: Display event information.
25 [140403185775808] INFO perfrun.launcher <> - the option was added --platform-value-list: Display details of supported platforms.
25 [140403185775808] INFO perfrun.launcher <> - the option was added --uncore-event-list: List uncore events for which a sampling data collection can be performed on this platform.
25 [140403185775808] INFO perfrun.launcher <> - the option was added --modifier-list: Specify the event name <string> for which the modifiers list is requested.
25 [140403185775808] INFO perfrun.launcher <> - the option was added --pmu-list: List supported PMUs.
25 [140403185775808] INFO perfrun.launcher <> - the option was added --os-mode-only: Enable sampling data collection for OS-mode processes only.
25 [140403185775808] INFO perfrun.launcher <> - the option was added --user-mode-only: Enable sampling data collection for user-mode processes only.
25 [140403185775808] INFO perfrun.launcher <> - the option was added --event-config: Perform data collection for the events with <string> configured using the format <event name1>":modifier1=val:modifier2=val/constraint1={:modifier3=val:modifier4=val}...,"<event name2>":... Specify the events(s) to monitor and embed the event names within double quotes("). [:modifier=val] specifies individual event modifiers along with the respective values for a given platform. Note that the modifiers can be generic to an event as well as specific to a constraint (or an event qualifier). The constraint specific special modifiers appear after [/constraint=]. The modifiers can be in decimal or hexadecimal format. Only specific modifiers accept the value as a string. Each event specification is delimited by a comma (,). For a list of supported modifiers and constraints, refer to the documentation.
25 [140403185775808] INFO perfrun.launcher <> - the option was added --chipset-event-config: Perform data collection for the chipset events with <string> configured using the format "<event name1>"...,"<event name2>":... Specify the events(s) to monitor and embed the event names within double quotes(").
25 [140403185775808] INFO perfrun.launcher <> - the option was added --uncore-event-config: Perform uncore data collection in ebc count mode for the events with <string> configured using the format "<event name1>"...,"<event name2>":... Specify the events(s) to monitor and embed the event names within double quotes(").
25 [140403185775808] INFO perfrun.launcher <> - the option was added --count-emon: Enable counting mode and output the data in EMON format.
26 [140403185775808] INFO perfrun.launcher <> - the option was added --event-based-counts: Enable event-based counting mode. During sampling data collection, event counts data is collected for the list of events specified in -event-config option.
26 [140403185775808] INFO perfrun.launcher <> - the option was added --event-mux-tfactor: Specify the event multiplexing tfactor as <integer> to set the length of the interval between interrupts. The larger the tfactor value, the larger the period between interrupts. Currently this option is only available on Intel platforms codenamed Knights Corner.
26 [140403185775808] INFO perfrun.launcher <> - the option was added --full-pebs-capture: Capture full pebs information.
26 [140403185775808] INFO perfrun.launcher <> - the option was added --last-branch-records: Capture Last Branch Records information.
26 [140403185775808] INFO perfrun.launcher <> - the option was added --pmu-type: Specify the targeted PMU name as <string>.
26 [140403185775808] INFO perfrun.launcher <> - the option was added --platform-type: Specify the targeted platform number as <number>.
26 [140403185775808] INFO perfrun.launcher <> - the option was added --p-state-trigger: Specify the name of the trigger event for P-state data as <string>. The default trigger is CPU_CLK_UNHALTED.REF_TSC.
26 [140403185775808] INFO perfrun.launcher <> - the option was added --bts-count: Specify the <integer> number of BTS records collected after each sample or context switch (VTSS++ only).
26 [140403185775808] INFO perfrun.launcher <> - the option was added --cpu-mask: Specify which CPU(s) <string> to collect data on. For example, specify "2-8,10,12-14" to sample only CPUs 2 through 8, 10, and 12 through 14.
26 [140403185775808] INFO perfrun.launcher <> - the option was added --event-mux-alg: Specify the event multiplexing algorithm. Possible values: sequence, timer, trigger.
26 [140403185775808] INFO perfrun.launcher <> - the option was added --event-mux-timeslice: Specify the event multiplexing time slice value as <integer>. The time slice specifies the duration between cycles for each event multiplexing group. The default value is 50 milliseconds. This option is valid only for timer-based event multiplexing. Specify the event multiplexing time slice value as <integer>. The time slice specifies the duration between cycles for each event multiplexing group. The default value is 1 millisecond. This option is valid only for timer-based event multiplexing.
26 [140403185775808] INFO perfrun.launcher <> - the option was added --event-mux-factor: Specify the event multiplexing factor as <integer>. It controls the switching of event multiplexing groups. The default factor is 50. This option is valid only for trigger-based event multiplexing. Specify the event multiplexing factor as <integer>. It controls the switching of event multiplexing groups. The default factor is 1. This option is valid only for trigger-based event multiplexing.
26 [140403185775808] INFO perfrun.launcher <> - the option was added --event-mux-trigger: Specify the name of the trigger event for event multiplexing as <string>. This option is valid only for trigger-based event multiplexing. The default trigger is CPU_CLK_UNHALTED.CORE (or CPU_CLK_UNHALTED.THREAD). BADMSG: perfrun1.vtsspp::event-mux-trigger
26 [140403185775808] INFO perfrun.launcher <> - the option was added --pt-mode: BADMSG: perfrun1.vtsspp::pt-mode
26 [140403185775808] INFO perfrun.launcher <> - the option was added --sample-after-multiplier: Specify the sample after multiplier as <double>. This multiplier modifies the sample after value for all the events specified in -event-config option. The values can range from 0.1 to 100.0. SAV multiplier value
26 [140403185775808] INFO perfrun.launcher <> - the option was added --uncore-sampling-interval: Specify the uncore sampling interval as <integer>. This value set the uncore sampling interval for all the uncore events specified in -event-config option.
26 [140403185775808] INFO perfrun.launcher <> - the option was added --count: Enable counting mode. Enable counting mode
26 [140403185775808] INFO perfrun.launcher <> - the option was added --trace-mpi: Configure collector to trace MPI code.
26 [140403185775808] INFO perfrun.launcher <> - the option was added --raw-perf-config: Specify a verified configuration for the Perf collector in the format: <describer>,<content>. For example: map-events-file,<path_to_map_events_file>.
26 [140403185775808] INFO perfrun.launcher <> - the option was added --sys-config: BADMSG: perfrun1.vtsspp::sys-config Specify types of system data to be collected. Supported value: cswitch - collect context switch information.
26 [140403185775808] INFO perfrun.launcher <> - the option was added --perf-event-config: Specify events for Perf collector in Perf format. For example: perf-event-config=cpu-clock.
26 [140403185775808] INFO perfrun.launcher <> - the option was added --perf-aio: Number of control blocks in asynchronous trace writing mode.
26 [140403185775808] INFO perfrun.launcher <> - the option was added --perf-compression: Specify compression of Perf collector output data. Possible levels: 0 - without compression, 1..3 - best speed, 4..22 - best compression that incurs big overhead.
26 [140403185775808] INFO perfrun.launcher <> - the option was added --perf-min-mmap-read: Minimum data size read from the kernel mapped region.
26 [140403185775808] INFO perfrun.launcher <> - the option was added --perf-affinity: Adjust an affinity mask of the Perf thread to a node with an allocated memory trace buffer.
26 [140403185775808] INFO perfrun.launcher <> - the option was added --stackwalk: Specify stack unwinding method. Possible values: online - unwind stacks during collection; offline - unwind stacks after collection is finished. Specify stack unwinding method. Possible value: lbr - unwind stacks during collection. Specify stack unwinding method. Possible values: online - unwind stacks during collection; offline - unwind stacks after collection is finished; lbr - enable LBR-based call stack collection. Specify stack unwinding method. Possible values: online - unwind stacks during collection; offline - unwind stacks after collection is finished. Specify stack unwinding method. Possible values: online - unwind stacks during collection; offline - unwind stacks after collection is finished.
26 [140403185775808] INFO perfrun.launcher <> - the option was added --filter-include: Filter data during collection. Possible values: contended=<on|off> - filter out uncontended events; contended_nostack=<time> - filter out stacks for contended events that take less than <time> microseconds; wait=<time> - ignore transitions and blocks with wait time less than <time> microseconds; wait_nostack=<time> - filter out stacks for waits that take less than <time> microseconds.
26 [140403185775808] INFO perfrun.launcher <> - the option was added --debug-pin: Debug PIN tool and runtime.
26 [140403185775808] INFO perfrun.launcher <> - the option was added --debug-exception: Disallow the application to set own abnormal termination handler.
26 [140403185775808] INFO perfrun.launcher <> - the option was added --trace-type: Specify the trace file granularity. Possible values: per-thread - per-thread trace file generation; per-process - per-process trace file generation.
26 [140403185775808] INFO perfrun.launcher <> - the option was added --instrumentation-type: Specify type of instrumentation.
26 [140403185775808] INFO perfrun.launcher <> - the option was added --altstack: Enable or disable usage of altstacks for profiling signal handlers.
26 [140403185775808] INFO perfrun.launcher <> - the option was added --profiling-signal: BADMSG: perfrun1.ptracecollector::profiling-signal Alternate profiling signal.
27 [140403185775808] INFO perfrun.launcher <> - the option was added --memory-strategy: Specify a minimal memory object size to be traced and a hash table size for faster objects search; for example: --memory-strategy obj-size-min=1024,hash-table-size=4096.
27 [140403185775808] INFO perfrun.launcher <> - the option was added --gpu-profiling-config: Specify a type of deep GPU profiling applied for all kernels and a comma-separated list of GPU kernel names and invocations in the following format: profiling_type[@kernel_name[:start_idx:step:stop_idx]], where profiling_type is one of following: none, bblatency, memlatency; kernel_name is the name of GPU kernel; start_idx is the number of the first invocation; and stop_idx is the number of the last invocation to be profiled.
27 [140403185775808] INFO perfrun.launcher <> - the option was added --opencl-trace-mode: Specify OpenCL kernel tracing modes: 'default' to trace OpenCL kernels for Intel Graphics Driver only; 'epoch' for any non-Intel graphics, where OpenCL kernels will be traced and OpenCL profiling API timestamps will be interpreted as Unux Epoch time in nanoseconds; 'completion' to trace OpenCL kernels for any Graphics Driver and bind OpenCL profiling API timestamps to the timestamp of OpenCL completion callback.
27 [140403185775808] INFO perfrun.launcher <> - the option was added --exprof-com-list: List available COM ports.
27 [140403185775808] INFO perfrun.launcher <> - the option was added --exprof-dvc-list: List available DvC IDs.
27 [140403185775808] INFO perfrun.launcher <> - the option was added --exprof-trace-channel: BADMSG: perfrun1.exprof::exprof-trace-channel
27 [140403185775808] INFO perfrun.launcher <> - the option was added --exprof-event-config: Specify ExactProfiling Event Classes.
27 [140403185775808] INFO perfrun.launcher <> - the option was added --ice-pmons-list: BADMSG: perfrun1.ice::ice-pmons-list
27 [140403185775808] INFO perfrun.launcher <> - the option was added --ice-pmons-config: BADMSG: perfrun1.ice::ice-pmons-config
27 [140403185775808] INFO perfrun.launcher <> - the option was added --parallel-fs-config: Specify parallel fs counters to collect.
27 [140403185775808] INFO perfrun.launcher <> - the option was added --pwr-config: BADMSG: perfrun1.vtsspp::pwr-config Specify power metrics configuration.
27 [140403185775808] INFO perfrun.launcher <> - the option was added --socwatch-dir: Specify a directory where Intel SoC Watch collector is installed.
29 [140403185775808] INFO perfrun.launcher <> - create msngr2::ICliToolContext
30 [140403185775808] INFO perfrun.launcher <> - create file finder object
30 [140403185775808] INFO perfrun.launcher <> - create a result directory: pattern = /home/vinicius/Documents/Trabalhos/paralela/knapsack/vtuner/r006tr pid = 4294967295
50 [140403185775808] INFO perfrun.sdk <> - checked that the directory /home/vinicius/Documents/Trabalhos/paralela/knapsack/vtuner/r006tr is a local directory
50 [140403185775808] INFO perfrun.sdk <> - the directory /home/vinicius/Documents/Trabalhos/paralela/knapsack/vtuner/r006tr is a local directory with FS type ID 61267
50 [140403185775808] INFO perfrun.launcher <> - create data directory = /home/vinicius/Documents/Trabalhos/paralela/knapsack/vtuner/r006tr/data.0
50 [140403185775808] INFO perfrun.launcher <> - Creating the master collection flag
86 [140403185775808] INFO perfrun.launcher <> - Done creating the master collection flag
87 [140403065943808] INFO perfrun.launcher <> - plugin [remoteplug] was disabled because it doesn't support the given collection type.
87 [140403065943808] INFO perfrun.sdk <> - Allocating TMU :/home/vinicius/Documents/Trabalhos/paralela/knapsack/vtuner/r006tr/data.0/systemcollector-7629-Morgana.sc
87 [140403065943808] INFO perfrun.launcher <> - plugin [ptracecollector] was disabled because it doesn't support the given collection type.
87 [140403065943808] INFO perfrun.launcher <> - plugin [gpu] was disabled because it doesn't support the given collection type.
88 [140403065943808] INFO perfrun.launcher <> - plugin [] was disabled because it doesn't support the given collection type.
88 [140403065943808] INFO perfrun.launcher <> - plugin [] was disabled because it doesn't support the given collection type.
88 [140403065943808] INFO perfrun.launcher <> - plugin [] was disabled because it doesn't support the given collection type.
88 [140403065943808] INFO perfrun.mrte <> - Getting  mrte profiling environment ...
100 [140403065943808] INFO perfrun.mrte <> - INTEL_MRTE_DATA_DIR=/home/vinicius/Documents/Trabalhos/paralela/knapsack/vtuner/r006tr/data.0
100 [140403065943808] INFO perfrun.mrte <> - INTEL_MRTE_HOST_NAME=Morgana
100 [140403065943808] INFO perfrun.mrte <> - JAVA_TOOL_OPTIONS=-agentlib:amplxe_samplingmrte_javaprof_1.0 -Dsun.boot.library.path=/opt/intel/vtune_amplifier_2019.4.0.597835/lib32/runtime:/opt/intel/vtune_amplifier_2019.4.0.597835/lib64/runtime
100 [140403065943808] INFO perfrun.mrte <> - CORECLR_ENABLE_PROFILING=1
100 [140403065943808] INFO perfrun.mrte <> - CORECLR_PROFILER={AA5E4821-E3B1-479c-B7FF-5AD047D22CED}
100 [140403065943808] INFO perfrun.mrte <> - CORECLR_PROFILER_PATH=/opt/intel/vtune_amplifier_2019.4.0.597835/lib64/libamplxe_samplingmrte_clrprof_1.0.so
100 [140403065943808] INFO perfrun.mrte <> - INTEL_MRTE_PROFILER_MODE=mixed
100 [140403065943808] INFO perfrun.mrte <> - Data directory: /home/vinicius/Documents/Trabalhos/paralela/knapsack/vtuner/r006tr/data.0
100 [140403065943808] INFO perfrun.mrte <> - Mrte plugin is initialized
100 [140403065943808] INFO perfrun.launcher <> - plugin [emon] was disabled because it doesn't support the given collection type.
101 [140403065943808] INFO perfrun.launcher <> - plugin [cuscol] was disabled because it doesn't support the given collection type.
101 [140403065943808] INFO perfrun.launcher <> - plugin [stdsrc] was disabled because it doesn't support the given collection type.
101 [140403065943808] INFO perfrun.launcher <> - plugin [sep] was disabled because it doesn't support the given collection type.
101 [140403065943808] INFO perfrun.sepdk <> - "/opt/intel/vtune_amplifier_2019.4.0.597835/bin64/sep" -dry-run -ec CPU_CLK_UNHALTED.THREAD:sa=3100000,CPU_CLK_UNHALTED.REF_TSC:sa=3100000,INST_RETIRED.ANY:sa=3100000,CPU_CLK_UNHALTED.REF_XCLK:sa=100003,CPU_CLK_UNHALTED.ONE_THREAD_ACTIVE:sa=100003,UOPS_RETIRED.RETIRE_SLOTS:sa=2000003 -experimental
216 [140403065943808] INFO perfrun.launcher <> - plugin [perf] was disabled because it doesn't support the given collection type.
216 [140403065943808] INFO perfrun.tpss <> - initialize tpss controller
216 [140403065943808] INFO perfrun.launcher <> - plugin [tpss] was disabled because it doesn't support the given collection type.
216 [140403065943808] INFO perfrun.launcher <> - plugin [exprof] was disabled because it doesn't support the given collection type.
216 [140403065943808] INFO perfrun.launcher <> - plugin [ice] was disabled because it doesn't support the given collection type.
216 [140403065943808] INFO perfrun.launcher <> - plugin [] was disabled because it doesn't support the given collection type.
216 [140403065943808] INFO perfrun.launcher <> - plugin [] was disabled because it doesn't support the given collection type.
216 [140403065943808] INFO perfrun.launcher <> - plugin [parallelfs] was disabled because it doesn't support the given collection type.
216 [140403065943808] INFO perfrun.launcher <> - plugin [power] was disabled because it doesn't support the given collection type.
216 [140403185775808] INFO perfrun.launcher <> - set environment variable: LD_LIBRARY_PATH = /opt/intel/vtune_amplifier_2019.4.0.597835/lib32/runtime:/opt/intel/vtune_amplifier_2019.4.0.597835/lib64/runtime
216 [140403185775808] INFO perfrun.launcher <> - set environment variable: INTEL_LIBITTNOTIFY32 = /opt/intel/vtune_amplifier_2019.4.0.597835/lib32/runtime/libittnotify_collector.so
216 [140403185775808] INFO perfrun.launcher <> - set environment variable: INTEL_LIBITTNOTIFY64 = /opt/intel/vtune_amplifier_2019.4.0.597835/lib64/runtime/libittnotify_collector.so
216 [140403185775808] INFO perfrun.launcher <> - set environment variable: INTEL_ITTNOTIFY_GROUPS = 
216 [140403185775808] INFO perfrun.launcher <> - set environment variable: INTEL_JIT_PROFILER32 = /opt/intel/vtune_amplifier_2019.4.0.597835/lib32/runtime/libittnotify_collector.so
216 [140403185775808] INFO perfrun.launcher <> - set environment variable: INTEL_JIT_PROFILER64 = /opt/intel/vtune_amplifier_2019.4.0.597835/lib64/runtime/libittnotify_collector.so
216 [140403185775808] INFO perfrun.launcher <> - set environment variable: VS_PROFILER = libittnotify_collector.so
216 [140403185775808] INFO perfrun.launcher <> - set environment variable: ENABLE_JITPROFILING = 1
216 [140403185775808] INFO perfrun.launcher <> - set environment variable: CL_CONFIG_USE_VTUNE = True
216 [140403185775808] INFO perfrun.launcher <> - set environment variable: __OCL_MIC_INTEL_LIBITTNOTIFY64 = /amplxe/results/libittnotify_collector.so
217 [140403185775808] INFO perfrun.launcher <> - set environment variable: __OCL_MIC_INTEL_JIT_PROFILER64 = /amplxe/results/libittnotify_collector.so
217 [140403185775808] INFO perfrun.launcher <> - set environment variable: INTEL_MRTE_DATA_DIR = /home/vinicius/Documents/Trabalhos/paralela/knapsack/vtuner/r006tr/data.0
217 [140403185775808] INFO perfrun.launcher <> - set environment variable: INTEL_MRTE_HOST_NAME = Morgana
217 [140403185775808] INFO perfrun.launcher <> - set environment variable: JAVA_TOOL_OPTIONS = -agentlib:amplxe_samplingmrte_javaprof_1.0 -Dsun.boot.library.path=/opt/intel/vtune_amplifier_2019.4.0.597835/lib32/runtime:/opt/intel/vtune_amplifier_2019.4.0.597835/lib64/runtime
217 [140403185775808] INFO perfrun.launcher <> - set environment variable: CORECLR_ENABLE_PROFILING = 1
217 [140403185775808] INFO perfrun.launcher <> - set environment variable: CORECLR_PROFILER = {AA5E4821-E3B1-479c-B7FF-5AD047D22CED}
217 [140403185775808] INFO perfrun.launcher <> - set environment variable: CORECLR_PROFILER_PATH = /opt/intel/vtune_amplifier_2019.4.0.597835/lib64/libamplxe_samplingmrte_clrprof_1.0.so
217 [140403185775808] INFO perfrun.launcher <> - set environment variable: INTEL_MRTE_PROFILER_MODE = mixed
217 [140403185775808] INFO perfrun.launcher <> - RpcServer: run RPC server to handle requests
217 [140403185775808] INFO perfrun.launcher <> - Launcher: command line to start before modification = /home/vinicius/Documents/Trabalhos/paralela/knapsack/p_knap items/mf80000-200000 4 256
217 [140403185775808] INFO perfrun.launcher <> - Launcher: command line to start after modification = /home/vinicius/Documents/Trabalhos/paralela/knapsack/p_knap items/mf80000-200000 4 256
217 [140403185775808] INFO perfrun.launcher <> - ProcessCreator object was created
218 [140403185775808] INFO perfrun.launcher <> - Launcher: the process was started in suspend mode
237 [140403065943808] WARN perfrun.launcher <> - Messenger::say: To enable hardware event-base sampling, VTune Amplifier has disabled the NMI watchdog timer. The watchdog timer will be re-enabled after collection completes.
327 [140403065943808] INFO perfrun.system <> - Helper runtool '/opt/intel/vtune_amplifier_2019.4.0.597835/bin32/amplxe-runss -dump-vdso -r /home/vinicius/Documents/Trabalhos/paralela/knapsack/vtuner/r006tr --tmp-dir /tmp/amplxe-tmp-vinicius' returned 0
401 [140403065943808] INFO perfrun.system <> - Helper runtool '/opt/intel/vtune_amplifier_2019.4.0.597835/bin64/amplxe-runss -dump-vdso -r /home/vinicius/Documents/Trabalhos/paralela/knapsack/vtuner/r006tr --tmp-dir /tmp/amplxe-tmp-vinicius' returned 0
453 [140403065943808] INFO perfrun.system <> - OpenCL gpu adapter vendor Id 32902
454 [140403065943808] WARN perfrun.system <> - Could not do anything with /sys/kernel/debug/kvm: boost::filesystem::status: Permission denied: "/sys/kernel/debug/kvm", at file: vcs/perfrun1/plugins/system/src/trace_writer.cpp:749
454 [140403065943808] WARN perfrun.sdk <> - Failed to find xl binary on any of the system paths: /bin, /sbin, /usr/bin, /usr/sbin., at file: vcs/perfrun1/sdk/src/utils.cpp:529
454 [140403065943808] WARN perfrun.system <> - Could not start ContainerMapping collector, at file: vcs/perfrun1/plugins/system/src/controller.cpp:467
461 [140403065943808] INFO perfrun.itt <> - start itt controller for pid #7635
561 [140403185775808] INFO perfrun.launcher <> - Launcher: all plugins were started
600 [140403185775808] INFO perfrun.launcher <> - Launcher: resume the profiled application and  wait its termination or stop command
9039 [140403185775808] INFO perfrun.launcher <> - Launcher: the profiled application was terminated  with exit code = 0
9043 [140403065943808] INFO perfrun.itt <> - stop itt controller
9043 [140403065943808] INFO perfrun.itt <> - detach itt controller
9209 [140403065943808] INFO perfrun.sdk <> - De-allocating TMU: /home/vinicius/Documents/Trabalhos/paralela/knapsack/vtuner/r006tr/data.0/systemcollector-7629-Morgana.sc
9209 [140403065943808] INFO perfrun.system <> - closed the system trace file: /home/vinicius/Documents/Trabalhos/paralela/knapsack/vtuner/r006tr/data.0/systemcollector-7629-Morgana.sc
9229 [140403185775808] INFO perfrun.launcher <> - Launcher: all plugins were stopped.
9229 [140403185775808] WARN perfrun.launcher <> - Stop command is ignored because it is received when collection is already stopped, at file: vcs/perfrun1/launcher/src/command_handler.cpp:212
9230 [140403185775808] INFO perfrun.launcher <> - Application exit code: 0
9230 [140403185775808] INFO perfrun.launcher <> - Exit code: 0
